<?xml version="1.0" encoding="UTF-8"?>
<!-- Generated by org.testng.reporters.JUnitReportReporter -->
<testsuite skipped="0" hostname="DESKTOP-H84OQQP" name="com.syntax.practice.InvocationCount" tests="5" failures="0" timestamp="20 Jun 2019 11:54:04 GMT" time="0.028" errors="0">
  <testcase name="number" time="0.002" classname="com.syntax.practice.InvocationCount"/>
  <testcase name="number" time="0.019" classname="com.syntax.practice.InvocationCount"/>
  <testcase name="number" time="0.003" classname="com.syntax.practice.InvocationCount"/>
  <testcase name="number" time="0.002" classname="com.syntax.practice.InvocationCount"/>
  <testcase name="number" time="0.002" classname="com.syntax.practice.InvocationCount"/>
</testsuite> <!-- com.syntax.practice.InvocationCount -->
