<?xml version="1.0" encoding="UTF-8"?>
<!-- Generated by org.testng.reporters.JUnitReportReporter -->
<testsuite skipped="1" hostname="DESKTOP-H84OQQP" name="com.syntax.testcases.AddEmployeeTest" tests="1" failures="0" timestamp="15 Jun 2019 18:20:08 GMT" time="0.000" errors="0">
  <testcase name="addEmployee" time="0.000" classname="com.syntax.testcases.AddEmployeeTest">
    <skipped/>
  </testcase> <!-- addEmployee -->
</testsuite> <!-- com.syntax.testcases.AddEmployeeTest -->
