<?xml version="1.0" encoding="UTF-8"?>
<!-- Generated by org.testng.reporters.JUnitReportReporter -->
<testsuite skipped="0" hostname="DESKTOP-H84OQQP" name="com.syntax.utils.BaseClass" tests="1" failures="0" timestamp="08 Jun 2019 18:17:51 GMT" time="9.353" errors="0">
  <testcase name="setUpDriver" time="9.353" classname="com.syntax.utils.BaseClass"/>
</testsuite> <!-- com.syntax.utils.BaseClass -->
