<?xml version="1.0" encoding="UTF-8"?>
<!-- Generated by org.testng.reporters.JUnitReportReporter -->
<testsuite skipped="0" hostname="DESKTOP-H84OQQP" name="com.syntax.practice.ExcelReview" tests="1" failures="0" timestamp="15 Jun 2019 14:46:28 GMT" time="0.741" errors="0">
  <testcase name="readExcel" time="0.741" classname="com.syntax.practice.ExcelReview"/>
</testsuite> <!-- com.syntax.practice.ExcelReview -->
