<?xml version="1.0" encoding="UTF-8"?>
<!-- Generated by org.testng.reporters.JUnitReportReporter -->
<testsuite skipped="0" hostname="DESKTOP-H84OQQP" name="com.syntax.testcases.ExcelDemo" tests="1" failures="0" timestamp="15 Jun 2019 13:58:24 GMT" time="1.219" errors="0">
  <testcase name="readExcel" time="1.219" classname="com.syntax.testcases.ExcelDemo"/>
</testsuite> <!-- com.syntax.testcases.ExcelDemo -->
